Flutter crash report.
Please report a bug at https://github.com/flutter/flutter/issues.

## command

flutter run --machine --start-paused -d chrome --devtools-server-address http://127.0.0.1:9100/ --target lib\main.dart

## exception

StateError: Bad state: No context with the running Dart application.

```
#0      RemoteDebuggerExecutionContext.id (package:dwds/src/debugging/execution_context.dart:55:7)
<asynchronous suspension>
#1      AppInspector._getExtensionRpcs (package:dwds/src/debugging/inspector.dart:538:20)
<asynchronous suspension>
#2      AppInspector._initialize (package:dwds/src/debugging/inspector.dart:97:34)
<asynchronous suspension>
#3      AppInspector.initialize (package:dwds/src/debugging/inspector.dart:160:5)
<asynchronous suspension>
#4      ChromeProxyService.createIsolate (package:dwds/src/services/chrome_proxy_service.dart:216:18)
<asynchronous suspension>
```

## flutter doctor

```
[✓] Flutter (Channel stable, 2.10.5, on Microsoft Windows [Version 10.0.18362.900], locale en-US)
    • Flutter version 2.10.5 at C:\src\flutter
    • Upstream repository https://github.com/flutter/flutter.git
    • Framework revision 5464c5bac7 (8 weeks ago), 2022-04-18 09:55:37 -0700
    • Engine revision 57d3bac3dd
    • Dart version 2.16.2
    • DevTools version 2.9.2

[✓] Android toolchain - develop for Android devices (Android SDK version 32.1.0-rc1)
    • Android SDK at C:\Users\orotm\AppData\Local\Android\sdk
    • Platform android-32, build-tools 32.1.0-rc1
    • Java binary at: C:\Program Files\Java\jre1.8.0_311\bin\java
    • Java version Java(TM) SE Runtime Environment (build 1.8.0_311-b11)
    • All Android licenses accepted.

[✓] Chrome - develop for the web
    • Chrome at C:\Program Files (x86)\Google\Chrome\Application\chrome.exe

[!] Visual Studio - develop for Windows (Visual Studio Community 2022 17.2.3)
    • Visual Studio at C:\Program Files\Microsoft Visual Studio\2022\Community
    • Visual Studio Community 2022 version 17.2.32526.322
    • Windows 10 SDK version 10.0.19041.0
    ✗ The current Visual Studio installation is incomplete. Please reinstall Visual Studio.

[!] Android Studio (not installed)
    • Android Studio not found; download from https://developer.android.com/studio/index.html
      (or visit https://flutter.dev/docs/get-started/install/windows#android-setup for detailed instructions).

[✓] VS Code (version 1.68.0)
    • VS Code at C:\Users\orotm\AppData\Local\Programs\Microsoft VS Code
    • Flutter extension version 3.42.0

[✓] Connected device (2 available)
    • Chrome (web) • chrome • web-javascript • Google Chrome 102.0.5005.63
    • Edge (web)   • edge   • web-javascript • Microsoft Edge 102.0.1245.33

[!] HTTP Host Availability
    ✗ HTTP host https://maven.google.com/ is not reachable. Reason: An error occurred while checking the HTTP host: Failed host lookup: 'maven.google.com'
    ✗ HTTP host https://pub.dev/ is not reachable. Reason: An error occurred while checking the HTTP host: Failed host lookup: 'pub.dev'
    ✗ HTTP host https://cloud.google.com/ is not reachable. Reason: An error occurred while checking the HTTP host: Failed host lookup: 'cloud.google.com'

! Doctor found issues in 3 categories.
```
